{"/home/user/positron-redmine/src/commands/action-properties.ts": {"path":"/home/user/positron-redmine/src/commands/action-properties.ts","all":true,"statementMap":{},"s":{},"branchMap":{"0":{"type":"branch","line":1,"loc":{"start":{"line":1,"column":210},"end":{"line":7,"column":1}},"locations":[{"start":{"line":1,"column":210},"end":{"line":7,"column":1}}]}},"b":{"0":[1]},"fnMap":{"0":{"name":"(empty-report)","decl":{"start":{"line":1,"column":210},"end":{"line":7,"column":1}},"loc":{"start":{"line":1,"column":210},"end":{"line":7,"column":1}},"line":1}},"f":{"0":1}}
,"/home/user/positron-redmine/src/commands/list-open-issues-assigned-to-me.ts": {"path":"/home/user/positron-redmine/src/commands/list-open-issues-assigned-to-me.ts","all":false,"statementMap":{"0":{"start":{"line":1,"column":0},"end":{"line":1,"column":33}},"1":{"start":{"line":2,"column":0},"end":{"line":2,"column":66}},"4":{"start":{"line":5,"column":0},"end":{"line":5,"column":61}},"13":{"start":{"line":14,"column":0},"end":{"line":14,"column":57}},"14":{"start":{"line":15,"column":0},"end":{"line":15,"column":99}},"15":{"start":{"line":16,"column":0},"end":{"line":16,"column":40}},"16":{"start":{"line":17,"column":0},"end":{"line":17,"column":16}},"17":{"start":{"line":18,"column":0},"end":{"line":18,"column":14}},"18":{"start":{"line":19,"column":0},"end":{"line":19,"column":16}},"19":{"start":{"line":20,"column":0},"end":{"line":20,"column":14}},"20":{"start":{"line":21,"column":0},"end":{"line":21,"column":44}},"21":{"start":{"line":22,"column":0},"end":{"line":22,"column":57}},"22":{"start":{"line":23,"column":0},"end":{"line":23,"column":5}},"23":{"start":{"line":24,"column":0},"end":{"line":24,"column":19}},"24":{"start":{"line":25,"column":0},"end":{"line":25,"column":3}},"26":{"start":{"line":27,"column":0},"end":{"line":27,"column":56}},"27":{"start":{"line":28,"column":0},"end":{"line":28,"column":49}},"29":{"start":{"line":30,"column":0},"end":{"line":30,"column":29}},"30":{"start":{"line":31,"column":0},"end":{"line":31,"column":5}},"31":{"start":{"line":32,"column":0},"end":{"line":32,"column":53}},"32":{"start":{"line":33,"column":0},"end":{"line":33,"column":6}},"33":{"start":{"line":34,"column":0},"end":{"line":34,"column":19}},"34":{"start":{"line":35,"column":0},"end":{"line":35,"column":23}},"35":{"start":{"line":36,"column":0},"end":{"line":36,"column":79}},"36":{"start":{"line":37,"column":0},"end":{"line":37,"column":9}},"37":{"start":{"line":38,"column":0},"end":{"line":38,"column":21}},"38":{"start":{"line":39,"column":0},"end":{"line":39,"column":5}},"39":{"start":{"line":40,"column":0},"end":{"line":40,"column":4}},"41":{"start":{"line":42,"column":0},"end":{"line":42,"column":7}},"42":{"start":{"line":43,"column":0},"end":{"line":43,"column":33}},"44":{"start":{"line":45,"column":0},"end":{"line":45,"column":52}},"45":{"start":{"line":46,"column":0},"end":{"line":46,"column":43}},"46":{"start":{"line":47,"column":0},"end":{"line":47,"column":6}},"48":{"start":{"line":49,"column":0},"end":{"line":49,"column":36}},"50":{"start":{"line":51,"column":0},"end":{"line":51,"column":68}},"52":{"start":{"line":53,"column":0},"end":{"line":53,"column":29}},"53":{"start":{"line":54,"column":0},"end":{"line":54,"column":19}},"54":{"start":{"line":55,"column":0},"end":{"line":55,"column":57}},"55":{"start":{"line":56,"column":0},"end":{"line":56,"column":3}},"56":{"start":{"line":57,"column":0},"end":{"line":57,"column":2}}},"s":{"0":1,"1":1,"4":1,"13":1,"14":0,"15":0,"16":0,"17":0,"18":0,"19":0,"20":0,"21":0,"22":0,"23":0,"24":0,"26":1,"27":1,"29":1,"30":1,"31":1,"32":1,"33":1,"34":1,"35":1,"36":1,"37":1,"38":1,"39":1,"41":1,"42":1,"44":1,"45":1,"46":1,"48":1,"50":0,"52":0,"53":0,"54":0,"55":0,"56":1},"branchMap":{"0":{"type":"branch","line":27,"loc":{"start":{"line":27,"column":15},"end":{"line":57,"column":2}},"locations":[{"start":{"line":27,"column":15},"end":{"line":57,"column":2}}]},"1":{"type":"branch","line":49,"loc":{"start":{"line":49,"column":29},"end":{"line":56,"column":3}},"locations":[{"start":{"line":49,"column":29},"end":{"line":56,"column":3}}]},"2":{"type":"branch","line":34,"loc":{"start":{"line":34,"column":4},"end":{"line":39,"column":5}},"locations":[{"start":{"line":34,"column":4},"end":{"line":39,"column":5}}]}},"b":{"0":[1],"1":[0],"2":[1]},"fnMap":{"0":{"name":"mapIssueToPickItem","decl":{"start":{"line":14,"column":27},"end":{"line":25,"column":3}},"loc":{"start":{"line":14,"column":27},"end":{"line":25,"column":3}},"line":14},"1":{"name":"__vite_ssr_exports__.default","decl":{"start":{"line":27,"column":15},"end":{"line":57,"column":2}},"loc":{"start":{"line":27,"column":15},"end":{"line":57,"column":2}},"line":27}},"f":{"0":0,"1":1}}
,"/home/user/positron-redmine/src/commands/set-api-key.ts": {"path":"/home/user/positron-redmine/src/commands/set-api-key.ts","all":false,"statementMap":{"0":{"start":{"line":1,"column":0},"end":{"line":1,"column":33}},"3":{"start":{"line":4,"column":0},"end":{"line":4,"column":82}},"4":{"start":{"line":5,"column":0},"end":{"line":5,"column":58}},"6":{"start":{"line":7,"column":0},"end":{"line":7,"column":52}},"7":{"start":{"line":8,"column":0},"end":{"line":8,"column":41}},"8":{"start":{"line":9,"column":0},"end":{"line":9,"column":63}},"9":{"start":{"line":10,"column":0},"end":{"line":10,"column":11}},"10":{"start":{"line":11,"column":0},"end":{"line":11,"column":3}},"12":{"start":{"line":13,"column":0},"end":{"line":13,"column":37}},"13":{"start":{"line":14,"column":0},"end":{"line":14,"column":16}},"14":{"start":{"line":15,"column":0},"end":{"line":15,"column":52}},"16":{"start":{"line":17,"column":0},"end":{"line":17,"column":22}},"18":{"start":{"line":19,"column":0},"end":{"line":19,"column":51}},"19":{"start":{"line":20,"column":0},"end":{"line":20,"column":55}},"20":{"start":{"line":21,"column":0},"end":{"line":21,"column":19}},"21":{"start":{"line":22,"column":0},"end":{"line":22,"column":31}},"22":{"start":{"line":23,"column":0},"end":{"line":23,"column":51}},"23":{"start":{"line":24,"column":0},"end":{"line":24,"column":62}},"24":{"start":{"line":25,"column":0},"end":{"line":25,"column":18}},"25":{"start":{"line":26,"column":0},"end":{"line":26,"column":5}},"26":{"start":{"line":27,"column":0},"end":{"line":27,"column":5}},"28":{"start":{"line":29,"column":0},"end":{"line":29,"column":22}},"30":{"start":{"line":31,"column":0},"end":{"line":31,"column":52}},"31":{"start":{"line":32,"column":0},"end":{"line":32,"column":85}},"32":{"start":{"line":33,"column":0},"end":{"line":33,"column":1}}},"s":{"0":1,"3":1,"4":1,"6":1,"7":1,"8":0,"9":0,"10":0,"12":1,"13":1,"14":0,"16":0,"18":1,"19":1,"20":1,"21":1,"22":0,"23":0,"24":0,"25":0,"26":1,"28":1,"30":1,"31":1,"32":1},"branchMap":{"0":{"type":"branch","line":4,"loc":{"start":{"line":4,"column":0},"end":{"line":33,"column":1}},"locations":[{"start":{"line":4,"column":0},"end":{"line":33,"column":1}}]},"1":{"type":"branch","line":8,"loc":{"start":{"line":8,"column":40},"end":{"line":11,"column":3}},"locations":[{"start":{"line":8,"column":40},"end":{"line":11,"column":3}}]},"2":{"type":"branch","line":14,"loc":{"start":{"line":14,"column":15},"end":{"line":15,"column":52}},"locations":[{"start":{"line":14,"column":15},"end":{"line":15,"column":52}}]},"3":{"type":"branch","line":15,"loc":{"start":{"line":15,"column":50},"end":{"line":17,"column":22}},"locations":[{"start":{"line":15,"column":50},"end":{"line":17,"column":22}}]},"4":{"type":"branch","line":29,"loc":{"start":{"line":29,"column":15},"end":{"line":29,"column":22}},"locations":[{"start":{"line":29,"column":15},"end":{"line":29,"column":22}}]}},"b":{"0":[1],"1":[0],"2":[0],"3":[0],"4":[0]},"fnMap":{"0":{"name":"setApiKey","decl":{"start":{"line":4,"column":0},"end":{"line":33,"column":1}},"loc":{"start":{"line":4,"column":0},"end":{"line":33,"column":1}},"line":4},"1":{"name":"validateInput","decl":{"start":{"line":22,"column":19},"end":{"line":26,"column":5}},"loc":{"start":{"line":22,"column":19},"end":{"line":26,"column":5}},"line":22}},"f":{"0":1,"1":0}}
,"/home/user/positron-redmine/src/controllers/domain.ts": {"path":"/home/user/positron-redmine/src/controllers/domain.ts","all":false,"statementMap":{"0":{"start":{"line":1,"column":0},"end":{"line":1,"column":25}},"1":{"start":{"line":2,"column":0},"end":{"line":2,"column":14}},"2":{"start":{"line":3,"column":0},"end":{"line":3,"column":31}},"3":{"start":{"line":4,"column":0},"end":{"line":4,"column":33}},"4":{"start":{"line":5,"column":0},"end":{"line":5,"column":33}},"5":{"start":{"line":6,"column":0},"end":{"line":6,"column":6}},"6":{"start":{"line":7,"column":0},"end":{"line":7,"column":1}},"8":{"start":{"line":9,"column":0},"end":{"line":9,"column":26}},"9":{"start":{"line":10,"column":0},"end":{"line":10,"column":80}},"10":{"start":{"line":11,"column":0},"end":{"line":11,"column":1}},"12":{"start":{"line":13,"column":0},"end":{"line":13,"column":26}},"13":{"start":{"line":14,"column":0},"end":{"line":14,"column":14}},"14":{"start":{"line":15,"column":0},"end":{"line":15,"column":36}},"15":{"start":{"line":16,"column":0},"end":{"line":16,"column":36}},"16":{"start":{"line":17,"column":0},"end":{"line":17,"column":41}},"17":{"start":{"line":18,"column":0},"end":{"line":18,"column":39}},"18":{"start":{"line":19,"column":0},"end":{"line":19,"column":6}},"19":{"start":{"line":20,"column":0},"end":{"line":20,"column":1}},"21":{"start":{"line":22,"column":0},"end":{"line":22,"column":32}},"22":{"start":{"line":23,"column":0},"end":{"line":23,"column":45}},"24":{"start":{"line":25,"column":0},"end":{"line":25,"column":25}},"25":{"start":{"line":26,"column":0},"end":{"line":26,"column":41}},"26":{"start":{"line":27,"column":0},"end":{"line":27,"column":3}},"28":{"start":{"line":29,"column":0},"end":{"line":29,"column":44}},"29":{"start":{"line":30,"column":0},"end":{"line":30,"column":38}},"30":{"start":{"line":31,"column":0},"end":{"line":31,"column":3}},"31":{"start":{"line":32,"column":0},"end":{"line":32,"column":1}}},"s":{"0":1,"1":1,"2":5,"3":5,"4":5,"5":5,"6":1,"8":1,"9":1,"10":1,"12":1,"13":1,"14":1,"15":1,"16":1,"17":1,"18":1,"19":1,"21":1,"22":2,"24":2,"25":2,"26":2,"28":2,"29":2,"30":2,"31":2},"branchMap":{"0":{"type":"branch","line":2,"loc":{"start":{"line":2,"column":2},"end":{"line":6,"column":6}},"locations":[{"start":{"line":2,"column":2},"end":{"line":6,"column":6}}]},"1":{"type":"branch","line":10,"loc":{"start":{"line":10,"column":2},"end":{"line":10,"column":80}},"locations":[{"start":{"line":10,"column":2},"end":{"line":10,"column":80}}]},"2":{"type":"branch","line":14,"loc":{"start":{"line":14,"column":2},"end":{"line":19,"column":6}},"locations":[{"start":{"line":14,"column":2},"end":{"line":19,"column":6}}]},"3":{"type":"branch","line":22,"loc":{"start":{"line":22,"column":31},"end":{"line":32,"column":1}},"locations":[{"start":{"line":22,"column":31},"end":{"line":32,"column":1}}]},"4":{"type":"branch","line":25,"loc":{"start":{"line":25,"column":9},"end":{"line":27,"column":3}},"locations":[{"start":{"line":25,"column":9},"end":{"line":27,"column":3}}]},"5":{"type":"branch","line":29,"loc":{"start":{"line":29,"column":9},"end":{"line":31,"column":3}},"locations":[{"start":{"line":29,"column":9},"end":{"line":31,"column":3}}]}},"b":{"0":[5],"1":[4],"2":[1],"3":[2],"4":[2],"5":[2]},"fnMap":{"0":{"name":"Membership","decl":{"start":{"line":2,"column":2},"end":{"line":6,"column":6}},"loc":{"start":{"line":2,"column":2},"end":{"line":6,"column":6}},"line":2},"1":{"name":"IssueStatus","decl":{"start":{"line":10,"column":2},"end":{"line":10,"column":80}},"loc":{"start":{"line":10,"column":2},"end":{"line":10,"column":80}},"line":10},"2":{"name":"QuickUpdate","decl":{"start":{"line":14,"column":2},"end":{"line":19,"column":6}},"loc":{"start":{"line":14,"column":2},"end":{"line":19,"column":6}},"line":14},"3":{"name":"<instance_members_initializer>","decl":{"start":{"line":22,"column":31},"end":{"line":32,"column":1}},"loc":{"start":{"line":22,"column":31},"end":{"line":32,"column":1}},"line":22},"4":{"name":"isSuccessful","decl":{"start":{"line":25,"column":9},"end":{"line":27,"column":3}},"loc":{"start":{"line":25,"column":9},"end":{"line":27,"column":3}},"line":25},"5":{"name":"addDifference","decl":{"start":{"line":29,"column":9},"end":{"line":31,"column":3}},"loc":{"start":{"line":29,"column":9},"end":{"line":31,"column":3}},"line":29}},"f":{"0":5,"1":4,"2":1,"3":2,"4":2,"5":2}}
,"/home/user/positron-redmine/src/redmine/redmine-project.ts": {"path":"/home/user/positron-redmine/src/redmine/redmine-project.ts","all":false,"statementMap":{"22":{"start":{"line":23,"column":0},"end":{"line":23,"column":29}},"23":{"start":{"line":24,"column":0},"end":{"line":24,"column":14}},"24":{"start":{"line":25,"column":0},"end":{"line":25,"column":34}},"25":{"start":{"line":26,"column":0},"end":{"line":26,"column":42}},"26":{"start":{"line":27,"column":0},"end":{"line":27,"column":6}},"28":{"start":{"line":29,"column":0},"end":{"line":29,"column":12}},"29":{"start":{"line":30,"column":0},"end":{"line":30,"column":27}},"30":{"start":{"line":31,"column":0},"end":{"line":31,"column":3}},"32":{"start":{"line":33,"column":0},"end":{"line":33,"column":16}},"33":{"start":{"line":34,"column":0},"end":{"line":34,"column":31}},"34":{"start":{"line":35,"column":0},"end":{"line":35,"column":3}},"36":{"start":{"line":37,"column":0},"end":{"line":37,"column":43}},"37":{"start":{"line":38,"column":0},"end":{"line":38,"column":12}},"38":{"start":{"line":39,"column":0},"end":{"line":39,"column":31}},"39":{"start":{"line":40,"column":0},"end":{"line":40,"column":51}},"40":{"start":{"line":41,"column":0},"end":{"line":41,"column":20}},"41":{"start":{"line":42,"column":0},"end":{"line":42,"column":18}},"42":{"start":{"line":43,"column":0},"end":{"line":43,"column":20}},"43":{"start":{"line":44,"column":0},"end":{"line":44,"column":18}},"44":{"start":{"line":45,"column":0},"end":{"line":45,"column":38}},"45":{"start":{"line":46,"column":0},"end":{"line":46,"column":42}},"46":{"start":{"line":47,"column":0},"end":{"line":47,"column":20}},"47":{"start":{"line":48,"column":0},"end":{"line":48,"column":6}},"48":{"start":{"line":49,"column":0},"end":{"line":49,"column":3}},"49":{"start":{"line":50,"column":0},"end":{"line":50,"column":1}}},"s":{"22":1,"23":1,"24":1,"25":1,"26":1,"28":1,"29":0,"30":0,"32":1,"33":0,"34":0,"36":1,"37":1,"38":1,"39":1,"40":1,"41":1,"42":1,"43":1,"44":1,"45":1,"46":1,"47":1,"48":1,"49":1},"branchMap":{"0":{"type":"branch","line":24,"loc":{"start":{"line":24,"column":2},"end":{"line":27,"column":6}},"locations":[{"start":{"line":24,"column":2},"end":{"line":27,"column":6}}]},"1":{"type":"branch","line":37,"loc":{"start":{"line":37,"column":2},"end":{"line":49,"column":3}},"locations":[{"start":{"line":37,"column":2},"end":{"line":49,"column":3}}]}},"b":{"0":[1],"1":[1]},"fnMap":{"0":{"name":"RedmineProject","decl":{"start":{"line":24,"column":2},"end":{"line":27,"column":6}},"loc":{"start":{"line":24,"column":2},"end":{"line":27,"column":6}},"line":24},"1":{"name":"get id","decl":{"start":{"line":29,"column":2},"end":{"line":31,"column":3}},"loc":{"start":{"line":29,"column":2},"end":{"line":31,"column":3}},"line":29},"2":{"name":"get parent","decl":{"start":{"line":33,"column":2},"end":{"line":35,"column":3}},"loc":{"start":{"line":33,"column":2},"end":{"line":35,"column":3}},"line":33},"3":{"name":"toQuickPickItem","decl":{"start":{"line":37,"column":2},"end":{"line":49,"column":3}},"loc":{"start":{"line":37,"column":2},"end":{"line":49,"column":3}},"line":37}},"f":{"0":1,"1":0,"2":0,"3":1}}
,"/home/user/positron-redmine/src/redmine/redmine-server.ts": {"path":"/home/user/positron-redmine/src/redmine/redmine-server.ts","all":false,"statementMap":{"0":{"start":{"line":1,"column":0},"end":{"line":1,"column":29}},"18":{"start":{"line":19,"column":0},"end":{"line":19,"column":56}},"46":{"start":{"line":47,"column":0},"end":{"line":47,"column":48}},"47":{"start":{"line":48,"column":0},"end":{"line":48,"column":31}},"48":{"start":{"line":49,"column":0},"end":{"line":49,"column":1}},"50":{"start":{"line":51,"column":0},"end":{"line":51,"column":28}},"51":{"start":{"line":52,"column":0},"end":{"line":52,"column":61}},"53":{"start":{"line":54,"column":0},"end":{"line":54,"column":65}},"55":{"start":{"line":56,"column":0},"end":{"line":56,"column":17}},"56":{"start":{"line":57,"column":0},"end":{"line":57,"column":49}},"57":{"start":{"line":58,"column":0},"end":{"line":58,"column":21}},"58":{"start":{"line":59,"column":0},"end":{"line":59,"column":21}},"59":{"start":{"line":60,"column":0},"end":{"line":60,"column":3}},"61":{"start":{"line":62,"column":0},"end":{"line":62,"column":74}},"62":{"start":{"line":63,"column":0},"end":{"line":63,"column":27}},"63":{"start":{"line":64,"column":0},"end":{"line":64,"column":64}},"64":{"start":{"line":65,"column":0},"end":{"line":65,"column":5}},"65":{"start":{"line":66,"column":0},"end":{"line":66,"column":23}},"66":{"start":{"line":67,"column":0},"end":{"line":67,"column":60}},"67":{"start":{"line":68,"column":0},"end":{"line":68,"column":5}},"68":{"start":{"line":69,"column":0},"end":{"line":69,"column":17}},"69":{"start":{"line":70,"column":0},"end":{"line":70,"column":9}},"70":{"start":{"line":71,"column":0},"end":{"line":71,"column":37}},"71":{"start":{"line":72,"column":0},"end":{"line":72,"column":13}},"72":{"start":{"line":73,"column":0},"end":{"line":73,"column":71}},"73":{"start":{"line":74,"column":0},"end":{"line":74,"column":5}},"74":{"start":{"line":75,"column":0},"end":{"line":75,"column":54}},"75":{"start":{"line":76,"column":0},"end":{"line":76,"column":67}},"76":{"start":{"line":77,"column":0},"end":{"line":77,"column":5}},"77":{"start":{"line":78,"column":0},"end":{"line":78,"column":3}},"79":{"start":{"line":80,"column":0},"end":{"line":80,"column":63}},"80":{"start":{"line":81,"column":0},"end":{"line":81,"column":20}},"81":{"start":{"line":82,"column":0},"end":{"line":82,"column":17}},"82":{"start":{"line":83,"column":0},"end":{"line":83,"column":36}},"83":{"start":{"line":84,"column":0},"end":{"line":84,"column":6}},"84":{"start":{"line":85,"column":0},"end":{"line":85,"column":8}},"85":{"start":{"line":86,"column":0},"end":{"line":86,"column":48}},"86":{"start":{"line":87,"column":0},"end":{"line":87,"column":50}},"87":{"start":{"line":88,"column":0},"end":{"line":88,"column":7}},"88":{"start":{"line":89,"column":0},"end":{"line":89,"column":42}},"89":{"start":{"line":90,"column":0},"end":{"line":90,"column":5}},"90":{"start":{"line":91,"column":0},"end":{"line":91,"column":3}},"92":{"start":{"line":93,"column":0},"end":{"line":93,"column":56}},"93":{"start":{"line":94,"column":0},"end":{"line":94,"column":34}},"94":{"start":{"line":95,"column":0},"end":{"line":95,"column":29}},"95":{"start":{"line":96,"column":0},"end":{"line":96,"column":3}},"97":{"start":{"line":98,"column":0},"end":{"line":98,"column":78}},"98":{"start":{"line":99,"column":0},"end":{"line":99,"column":77}},"99":{"start":{"line":100,"column":0},"end":{"line":100,"column":43}},"100":{"start":{"line":101,"column":0},"end":{"line":101,"column":29}},"101":{"start":{"line":102,"column":0},"end":{"line":102,"column":58}},"102":{"start":{"line":103,"column":0},"end":{"line":103,"column":16}},"103":{"start":{"line":104,"column":0},"end":{"line":104,"column":43}},"104":{"start":{"line":105,"column":0},"end":{"line":105,"column":29}},"105":{"start":{"line":106,"column":0},"end":{"line":106,"column":8}},"106":{"start":{"line":107,"column":0},"end":{"line":107,"column":45}},"107":{"start":{"line":108,"column":0},"end":{"line":108,"column":37}},"108":{"start":{"line":109,"column":0},"end":{"line":109,"column":13}},"109":{"start":{"line":110,"column":0},"end":{"line":110,"column":6}},"110":{"start":{"line":111,"column":0},"end":{"line":111,"column":15}},"111":{"start":{"line":112,"column":0},"end":{"line":112,"column":66}},"112":{"start":{"line":113,"column":0},"end":{"line":113,"column":46}},"113":{"start":{"line":114,"column":0},"end":{"line":114,"column":51}},"114":{"start":{"line":115,"column":0},"end":{"line":115,"column":5}},"116":{"start":{"line":117,"column":0},"end":{"line":117,"column":45}},"117":{"start":{"line":118,"column":0},"end":{"line":118,"column":43}},"118":{"start":{"line":119,"column":0},"end":{"line":119,"column":77}},"119":{"start":{"line":120,"column":0},"end":{"line":120,"column":67}},"120":{"start":{"line":121,"column":0},"end":{"line":121,"column":8}},"122":{"start":{"line":123,"column":0},"end":{"line":123,"column":73}},"123":{"start":{"line":124,"column":0},"end":{"line":124,"column":61}},"124":{"start":{"line":125,"column":0},"end":{"line":125,"column":33}},"125":{"start":{"line":126,"column":0},"end":{"line":126,"column":17}},"126":{"start":{"line":127,"column":0},"end":{"line":127,"column":22}},"127":{"start":{"line":128,"column":0},"end":{"line":128,"column":126}},"128":{"start":{"line":129,"column":0},"end":{"line":129,"column":13}},"129":{"start":{"line":130,"column":0},"end":{"line":130,"column":12}},"130":{"start":{"line":131,"column":0},"end":{"line":131,"column":17}},"131":{"start":{"line":132,"column":0},"end":{"line":132,"column":9}},"132":{"start":{"line":133,"column":0},"end":{"line":133,"column":33}},"133":{"start":{"line":134,"column":0},"end":{"line":134,"column":17}},"134":{"start":{"line":135,"column":0},"end":{"line":135,"column":22}},"135":{"start":{"line":136,"column":0},"end":{"line":136,"column":74}},"136":{"start":{"line":137,"column":0},"end":{"line":137,"column":13}},"137":{"start":{"line":138,"column":0},"end":{"line":138,"column":12}},"138":{"start":{"line":139,"column":0},"end":{"line":139,"column":17}},"139":{"start":{"line":140,"column":0},"end":{"line":140,"column":9}},"140":{"start":{"line":141,"column":0},"end":{"line":141,"column":33}},"141":{"start":{"line":142,"column":0},"end":{"line":142,"column":54}},"142":{"start":{"line":143,"column":0},"end":{"line":143,"column":17}},"143":{"start":{"line":144,"column":0},"end":{"line":144,"column":9}},"146":{"start":{"line":147,"column":0},"end":{"line":147,"column":46}},"147":{"start":{"line":148,"column":0},"end":{"line":148,"column":64}},"148":{"start":{"line":149,"column":0},"end":{"line":149,"column":17}},"149":{"start":{"line":150,"column":0},"end":{"line":150,"column":9}},"151":{"start":{"line":152,"column":0},"end":{"line":152,"column":40}},"152":{"start":{"line":153,"column":0},"end":{"line":153,"column":15}},"153":{"start":{"line":154,"column":0},"end":{"line":154,"column":71}},"154":{"start":{"line":155,"column":0},"end":{"line":155,"column":28}},"155":{"start":{"line":156,"column":0},"end":{"line":156,"column":23}},"156":{"start":{"line":157,"column":0},"end":{"line":157,"column":76}},"157":{"start":{"line":158,"column":0},"end":{"line":158,"column":11}},"158":{"start":{"line":159,"column":0},"end":{"line":159,"column":17}},"159":{"start":{"line":160,"column":0},"end":{"line":160,"column":9}},"162":{"start":{"line":163,"column":0},"end":{"line":163,"column":40}},"163":{"start":{"line":164,"column":0},"end":{"line":164,"column":8}},"165":{"start":{"line":166,"column":0},"end":{"line":166,"column":65}},"166":{"start":{"line":167,"column":0},"end":{"line":167,"column":50}},"167":{"start":{"line":168,"column":0},"end":{"line":168,"column":48}},"168":{"start":{"line":169,"column":0},"end":{"line":169,"column":9}},"170":{"start":{"line":171,"column":0},"end":{"line":171,"column":45}},"171":{"start":{"line":172,"column":0},"end":{"line":172,"column":15}},"172":{"start":{"line":173,"column":0},"end":{"line":173,"column":77}},"173":{"start":{"line":174,"column":0},"end":{"line":174,"column":10}},"174":{"start":{"line":175,"column":0},"end":{"line":175,"column":8}},"176":{"start":{"line":177,"column":0},"end":{"line":177,"column":45}},"178":{"start":{"line":179,"column":0},"end":{"line":179,"column":30}},"179":{"start":{"line":180,"column":0},"end":{"line":180,"column":7}},"180":{"start":{"line":181,"column":0},"end":{"line":181,"column":3}},"182":{"start":{"line":183,"column":0},"end":{"line":183,"column":50}},"183":{"start":{"line":184,"column":0},"end":{"line":184,"column":23}},"184":{"start":{"line":185,"column":0},"end":{"line":185,"column":17}},"185":{"start":{"line":186,"column":0},"end":{"line":186,"column":17}},"186":{"start":{"line":187,"column":0},"end":{"line":187,"column":34}},"187":{"start":{"line":188,"column":0},"end":{"line":188,"column":40}},"188":{"start":{"line":189,"column":0},"end":{"line":189,"column":37}},"189":{"start":{"line":190,"column":0},"end":{"line":190,"column":37}},"190":{"start":{"line":191,"column":0},"end":{"line":191,"column":27}},"191":{"start":{"line":192,"column":0},"end":{"line":192,"column":7}},"193":{"start":{"line":194,"column":0},"end":{"line":194,"column":35}},"196":{"start":{"line":197,"column":0},"end":{"line":197,"column":32}},"199":{"start":{"line":200,"column":0},"end":{"line":200,"column":71}},"200":{"start":{"line":201,"column":0},"end":{"line":201,"column":40}},"201":{"start":{"line":202,"column":0},"end":{"line":202,"column":22}},"202":{"start":{"line":203,"column":0},"end":{"line":203,"column":23}},"203":{"start":{"line":204,"column":0},"end":{"line":204,"column":21}},"204":{"start":{"line":205,"column":0},"end":{"line":205,"column":40}},"205":{"start":{"line":206,"column":0},"end":{"line":206,"column":24}},"206":{"start":{"line":207,"column":0},"end":{"line":207,"column":16}},"207":{"start":{"line":208,"column":0},"end":{"line":208,"column":12}},"208":{"start":{"line":209,"column":0},"end":{"line":209,"column":9}},"209":{"start":{"line":210,"column":0},"end":{"line":210,"column":8}},"211":{"start":{"line":212,"column":0},"end":{"line":212,"column":80}},"212":{"start":{"line":213,"column":0},"end":{"line":213,"column":6}},"214":{"start":{"line":215,"column":0},"end":{"line":215,"column":17}},"215":{"start":{"line":216,"column":0},"end":{"line":216,"column":3}},"217":{"start":{"line":218,"column":0},"end":{"line":218,"column":37}},"219":{"start":{"line":220,"column":0},"end":{"line":220,"column":6}},"220":{"start":{"line":221,"column":0},"end":{"line":221,"column":35}},"221":{"start":{"line":222,"column":0},"end":{"line":222,"column":30}},"222":{"start":{"line":223,"column":0},"end":{"line":223,"column":56}},"223":{"start":{"line":224,"column":0},"end":{"line":224,"column":9}},"224":{"start":{"line":225,"column":0},"end":{"line":225,"column":5}},"225":{"start":{"line":226,"column":0},"end":{"line":226,"column":27}},"227":{"start":{"line":228,"column":0},"end":{"line":228,"column":78}},"228":{"start":{"line":229,"column":0},"end":{"line":229,"column":21}},"229":{"start":{"line":230,"column":0},"end":{"line":230,"column":66}},"230":{"start":{"line":231,"column":0},"end":{"line":231,"column":7}},"232":{"start":{"line":233,"column":0},"end":{"line":233,"column":22}},"233":{"start":{"line":234,"column":0},"end":{"line":234,"column":7}},"234":{"start":{"line":235,"column":0},"end":{"line":235,"column":3}},"236":{"start":{"line":237,"column":0},"end":{"line":237,"column":15}},"237":{"start":{"line":238,"column":0},"end":{"line":238,"column":20}},"238":{"start":{"line":239,"column":0},"end":{"line":239,"column":23}},"239":{"start":{"line":240,"column":0},"end":{"line":240,"column":18}},"240":{"start":{"line":241,"column":0},"end":{"line":241,"column":19}},"241":{"start":{"line":242,"column":0},"end":{"line":242,"column":23}},"242":{"start":{"line":243,"column":0},"end":{"line":243,"column":53}},"243":{"start":{"line":244,"column":0},"end":{"line":244,"column":27}},"244":{"start":{"line":245,"column":0},"end":{"line":245,"column":13}},"245":{"start":{"line":246,"column":0},"end":{"line":246,"column":18}},"246":{"start":{"line":247,"column":0},"end":{"line":247,"column":24}},"247":{"start":{"line":248,"column":0},"end":{"line":248,"column":34}},"248":{"start":{"line":249,"column":0},"end":{"line":249,"column":30}},"249":{"start":{"line":250,"column":0},"end":{"line":250,"column":36}},"250":{"start":{"line":251,"column":0},"end":{"line":251,"column":18}},"251":{"start":{"line":252,"column":0},"end":{"line":252,"column":30}},"252":{"start":{"line":253,"column":0},"end":{"line":253,"column":12}},"253":{"start":{"line":254,"column":0},"end":{"line":254,"column":10}},"254":{"start":{"line":255,"column":0},"end":{"line":255,"column":7}},"255":{"start":{"line":256,"column":0},"end":{"line":256,"column":6}},"256":{"start":{"line":257,"column":0},"end":{"line":257,"column":3}},"262":{"start":{"line":263,"column":0},"end":{"line":263,"column":60}},"263":{"start":{"line":264,"column":0},"end":{"line":264,"column":60}},"264":{"start":{"line":265,"column":0},"end":{"line":265,"column":3}},"269":{"start":{"line":270,"column":0},"end":{"line":270,"column":68}},"270":{"start":{"line":271,"column":0},"end":{"line":271,"column":44}},"271":{"start":{"line":272,"column":0},"end":{"line":272,"column":33}},"272":{"start":{"line":273,"column":0},"end":{"line":273,"column":12}},"273":{"start":{"line":274,"column":0},"end":{"line":274,"column":18}},"274":{"start":{"line":275,"column":0},"end":{"line":275,"column":24}},"275":{"start":{"line":276,"column":0},"end":{"line":276,"column":18}},"276":{"start":{"line":277,"column":0},"end":{"line":277,"column":32}},"277":{"start":{"line":278,"column":0},"end":{"line":278,"column":12}},"278":{"start":{"line":279,"column":0},"end":{"line":279,"column":11}},"279":{"start":{"line":280,"column":0},"end":{"line":280,"column":14}},"280":{"start":{"line":281,"column":0},"end":{"line":281,"column":7}},"281":{"start":{"line":282,"column":0},"end":{"line":282,"column":6}},"282":{"start":{"line":283,"column":0},"end":{"line":283,"column":3}},"284":{"start":{"line":285,"column":0},"end":{"line":285,"column":72}},"289":{"start":{"line":290,"column":0},"end":{"line":290,"column":73}},"290":{"start":{"line":291,"column":0},"end":{"line":291,"column":74}},"291":{"start":{"line":292,"column":0},"end":{"line":292,"column":70}},"292":{"start":{"line":293,"column":0},"end":{"line":293,"column":31}},"293":{"start":{"line":294,"column":0},"end":{"line":294,"column":13}},"294":{"start":{"line":295,"column":0},"end":{"line":295,"column":23}},"295":{"start":{"line":296,"column":0},"end":{"line":296,"column":18}},"297":{"start":{"line":298,"column":0},"end":{"line":298,"column":35}},"298":{"start":{"line":299,"column":0},"end":{"line":299,"column":9}},"300":{"start":{"line":301,"column":0},"end":{"line":301,"column":19}},"301":{"start":{"line":302,"column":0},"end":{"line":302,"column":9}},"302":{"start":{"line":303,"column":0},"end":{"line":303,"column":12}},"303":{"start":{"line":304,"column":0},"end":{"line":304,"column":49}},"304":{"start":{"line":305,"column":0},"end":{"line":305,"column":5}},"305":{"start":{"line":306,"column":0},"end":{"line":306,"column":3}},"307":{"start":{"line":308,"column":0},"end":{"line":308,"column":57}},"308":{"start":{"line":309,"column":0},"end":{"line":309,"column":51}},"309":{"start":{"line":310,"column":0},"end":{"line":310,"column":77}},"310":{"start":{"line":311,"column":0},"end":{"line":311,"column":3}},"311":{"start":{"line":312,"column":0},"end":{"line":312,"column":66}},"312":{"start":{"line":313,"column":0},"end":{"line":313,"column":54}},"314":{"start":{"line":315,"column":0},"end":{"line":315,"column":57}},"316":{"start":{"line":317,"column":0},"end":{"line":317,"column":53}},"317":{"start":{"line":318,"column":0},"end":{"line":318,"column":17}},"318":{"start":{"line":319,"column":0},"end":{"line":319,"column":48}},"319":{"start":{"line":320,"column":0},"end":{"line":320,"column":57}},"320":{"start":{"line":321,"column":0},"end":{"line":321,"column":6}},"321":{"start":{"line":322,"column":0},"end":{"line":322,"column":3}},"322":{"start":{"line":323,"column":0},"end":{"line":323,"column":80}},"323":{"start":{"line":324,"column":0},"end":{"line":324,"column":31}},"324":{"start":{"line":325,"column":0},"end":{"line":325,"column":44}},"325":{"start":{"line":326,"column":0},"end":{"line":326,"column":12}},"326":{"start":{"line":327,"column":0},"end":{"line":327,"column":18}},"327":{"start":{"line":328,"column":0},"end":{"line":328,"column":24}},"328":{"start":{"line":329,"column":0},"end":{"line":329,"column":18}},"329":{"start":{"line":330,"column":0},"end":{"line":330,"column":51}},"330":{"start":{"line":331,"column":0},"end":{"line":331,"column":52}},"331":{"start":{"line":332,"column":0},"end":{"line":332,"column":39}},"332":{"start":{"line":333,"column":0},"end":{"line":333,"column":12}},"333":{"start":{"line":334,"column":0},"end":{"line":334,"column":11}},"334":{"start":{"line":335,"column":0},"end":{"line":335,"column":14}},"335":{"start":{"line":336,"column":0},"end":{"line":336,"column":7}},"336":{"start":{"line":337,"column":0},"end":{"line":337,"column":6}},"337":{"start":{"line":338,"column":0},"end":{"line":338,"column":70}},"338":{"start":{"line":339,"column":0},"end":{"line":339,"column":37}},"339":{"start":{"line":340,"column":0},"end":{"line":340,"column":49}},"340":{"start":{"line":341,"column":0},"end":{"line":341,"column":59}},"341":{"start":{"line":342,"column":0},"end":{"line":342,"column":57}},"342":{"start":{"line":343,"column":0},"end":{"line":343,"column":5}},"343":{"start":{"line":344,"column":0},"end":{"line":344,"column":58}},"344":{"start":{"line":345,"column":0},"end":{"line":345,"column":59}},"345":{"start":{"line":346,"column":0},"end":{"line":346,"column":5}},"346":{"start":{"line":347,"column":0},"end":{"line":347,"column":24}},"347":{"start":{"line":348,"column":0},"end":{"line":348,"column":3}},"352":{"start":{"line":353,"column":0},"end":{"line":353,"column":57}},"353":{"start":{"line":354,"column":0},"end":{"line":354,"column":47}},"354":{"start":{"line":355,"column":0},"end":{"line":355,"column":54}},"355":{"start":{"line":356,"column":0},"end":{"line":356,"column":11}},"356":{"start":{"line":357,"column":0},"end":{"line":357,"column":6}},"357":{"start":{"line":358,"column":0},"end":{"line":358,"column":3}},"362":{"start":{"line":363,"column":0},"end":{"line":363,"column":26}},"363":{"start":{"line":364,"column":0},"end":{"line":364,"column":32}},"364":{"start":{"line":365,"column":0},"end":{"line":365,"column":29}},"365":{"start":{"line":366,"column":0},"end":{"line":366,"column":35}},"366":{"start":{"line":367,"column":0},"end":{"line":367,"column":29}},"367":{"start":{"line":368,"column":0},"end":{"line":368,"column":49}},"368":{"start":{"line":369,"column":0},"end":{"line":369,"column":80}},"369":{"start":{"line":370,"column":0},"end":{"line":370,"column":13}},"370":{"start":{"line":371,"column":0},"end":{"line":371,"column":8}},"371":{"start":{"line":372,"column":0},"end":{"line":372,"column":12}},"372":{"start":{"line":373,"column":0},"end":{"line":373,"column":49}},"373":{"start":{"line":374,"column":0},"end":{"line":374,"column":63}},"374":{"start":{"line":375,"column":0},"end":{"line":375,"column":13}},"375":{"start":{"line":376,"column":0},"end":{"line":376,"column":8}},"376":{"start":{"line":377,"column":0},"end":{"line":377,"column":5}},"377":{"start":{"line":378,"column":0},"end":{"line":378,"column":3}},"379":{"start":{"line":380,"column":0},"end":{"line":380,"column":33}},"380":{"start":{"line":381,"column":0},"end":{"line":381,"column":12}},"381":{"start":{"line":382,"column":0},"end":{"line":382,"column":55}},"382":{"start":{"line":383,"column":0},"end":{"line":383,"column":47}},"383":{"start":{"line":384,"column":0},"end":{"line":384,"column":77}},"384":{"start":{"line":385,"column":0},"end":{"line":385,"column":56}},"385":{"start":{"line":386,"column":0},"end":{"line":386,"column":55}},"387":{"start":{"line":388,"column":0},"end":{"line":388,"column":3}},"388":{"start":{"line":389,"column":0},"end":{"line":389,"column":1}}},"s":{"0":1,"18":1,"46":1,"47":4,"48":4,"50":1,"51":22,"53":22,"55":22,"56":15,"57":1,"58":14,"59":15,"61":22,"62":22,"63":1,"64":1,"65":22,"66":1,"67":1,"68":20,"69":20,"70":20,"71":22,"72":1,"73":1,"74":22,"75":1,"76":1,"77":22,"79":22,"80":18,"81":18,"82":18,"83":18,"84":18,"85":18,"86":18,"87":18,"88":18,"89":18,"90":18,"92":22,"93":22,"94":22,"95":22,"97":22,"98":13,"99":13,"100":13,"101":13,"102":13,"103":13,"104":13,"105":13,"106":13,"107":13,"108":13,"109":13,"110":13,"111":2,"112":2,"113":2,"114":2,"116":13,"117":13,"118":13,"119":13,"120":13,"122":13,"123":13,"124":13,"125":0,"126":0,"127":0,"128":0,"129":0,"130":0,"131":0,"132":13,"133":0,"134":0,"135":0,"136":0,"137":0,"138":0,"139":0,"140":13,"141":0,"142":0,"143":0,"146":13,"147":0,"148":0,"149":0,"151":13,"152":13,"153":13,"154":13,"155":13,"156":0,"157":0,"158":13,"159":13,"162":0,"163":13,"165":13,"166":13,"167":13,"168":13,"170":13,"171":0,"172":0,"173":0,"174":0,"176":13,"178":13,"179":13,"180":13,"182":22,"183":1,"184":2,"185":2,"186":2,"187":2,"188":2,"189":2,"190":1,"191":1,"193":1,"196":1,"199":1,"200":1,"201":1,"202":1,"203":1,"204":1,"205":1,"206":1,"207":1,"208":1,"209":1,"211":1,"212":2,"214":1,"215":1,"217":22,"219":3,"220":3,"221":1,"222":1,"223":1,"224":1,"225":2,"227":2,"228":2,"229":2,"230":2,"232":2,"233":2,"234":3,"236":22,"237":1,"238":1,"239":1,"240":1,"241":1,"242":1,"243":1,"244":1,"245":1,"246":1,"247":1,"248":1,"249":1,"250":1,"251":1,"252":1,"253":1,"254":1,"255":1,"256":1,"262":22,"263":1,"264":1,"269":22,"270":1,"271":1,"272":1,"273":1,"274":1,"275":1,"276":1,"277":1,"278":1,"279":1,"280":1,"281":1,"282":1,"284":22,"289":22,"290":4,"291":3,"292":3,"293":3,"294":3,"295":3,"297":3,"298":3,"300":3,"301":3,"302":4,"303":1,"304":1,"305":4,"307":22,"308":1,"309":1,"310":1,"311":22,"312":1,"314":1,"316":1,"317":1,"318":1,"319":0,"320":1,"321":1,"322":22,"323":0,"324":0,"325":0,"326":0,"327":0,"328":0,"329":0,"330":0,"331":0,"332":0,"333":0,"334":0,"335":0,"336":0,"337":0,"338":0,"339":0,"340":0,"341":0,"342":0,"343":0,"344":0,"345":0,"346":0,"347":0,"352":22,"353":1,"354":1,"355":1,"356":1,"357":1,"362":22,"363":2,"364":2,"365":2,"366":2,"367":1,"368":1,"369":1,"370":1,"371":1,"372":1,"373":1,"374":1,"375":1,"376":1,"377":2,"379":22,"380":2,"381":2,"382":1,"383":1,"384":1,"385":1,"387":2,"388":22},"branchMap":{"0":{"type":"branch","line":47,"loc":{"start":{"line":47,"column":47},"end":{"line":49,"column":1}},"locations":[{"start":{"line":47,"column":47},"end":{"line":49,"column":1}}]},"1":{"type":"branch","line":51,"loc":{"start":{"line":51,"column":27},"end":{"line":389,"column":1}},"locations":[{"start":{"line":51,"column":27},"end":{"line":389,"column":1}}]},"2":{"type":"branch","line":56,"loc":{"start":{"line":56,"column":2},"end":{"line":60,"column":3}},"locations":[{"start":{"line":56,"column":2},"end":{"line":60,"column":3}}]},"3":{"type":"branch","line":57,"loc":{"start":{"line":57,"column":41},"end":{"line":58,"column":21}},"locations":[{"start":{"line":57,"column":41},"end":{"line":58,"column":21}}]},"4":{"type":"branch","line":58,"loc":{"start":{"line":58,"column":14},"end":{"line":59,"column":21}},"locations":[{"start":{"line":58,"column":14},"end":{"line":59,"column":21}}]},"5":{"type":"branch","line":62,"loc":{"start":{"line":62,"column":10},"end":{"line":78,"column":3}},"locations":[{"start":{"line":62,"column":10},"end":{"line":78,"column":3}}]},"6":{"type":"branch","line":63,"loc":{"start":{"line":63,"column":26},"end":{"line":65,"column":5}},"locations":[{"start":{"line":63,"column":26},"end":{"line":65,"column":5}}]},"7":{"type":"branch","line":65,"loc":{"start":{"line":65,"column":4},"end":{"line":66,"column":22}},"locations":[{"start":{"line":65,"column":4},"end":{"line":66,"column":22}}]},"8":{"type":"branch","line":66,"loc":{"start":{"line":66,"column":22},"end":{"line":68,"column":5}},"locations":[{"start":{"line":66,"column":22},"end":{"line":68,"column":5}}]},"9":{"type":"branch","line":68,"loc":{"start":{"line":68,"column":4},"end":{"line":72,"column":12}},"locations":[{"start":{"line":68,"column":4},"end":{"line":72,"column":12}}]},"10":{"type":"branch","line":72,"loc":{"start":{"line":72,"column":4},"end":{"line":74,"column":5}},"locations":[{"start":{"line":72,"column":4},"end":{"line":74,"column":5}}]},"11":{"type":"branch","line":74,"loc":{"start":{"line":74,"column":4},"end":{"line":75,"column":53}},"locations":[{"start":{"line":74,"column":4},"end":{"line":75,"column":53}}]},"12":{"type":"branch","line":75,"loc":{"start":{"line":75,"column":53},"end":{"line":77,"column":5}},"locations":[{"start":{"line":75,"column":53},"end":{"line":77,"column":5}}]},"13":{"type":"branch","line":80,"loc":{"start":{"line":80,"column":10},"end":{"line":91,"column":3}},"locations":[{"start":{"line":80,"column":10},"end":{"line":91,"column":3}}]},"14":{"type":"branch","line":93,"loc":{"start":{"line":93,"column":2},"end":{"line":96,"column":3}},"locations":[{"start":{"line":93,"column":2},"end":{"line":96,"column":3}}]},"15":{"type":"branch","line":98,"loc":{"start":{"line":98,"column":2},"end":{"line":181,"column":3}},"locations":[{"start":{"line":98,"column":2},"end":{"line":181,"column":3}}]},"16":{"type":"branch","line":102,"loc":{"start":{"line":102,"column":44},"end":{"line":102,"column":58}},"locations":[{"start":{"line":102,"column":44},"end":{"line":102,"column":58}}]},"17":{"type":"branch","line":111,"loc":{"start":{"line":111,"column":14},"end":{"line":115,"column":5}},"locations":[{"start":{"line":111,"column":14},"end":{"line":115,"column":5}}]},"18":{"type":"branch","line":117,"loc":{"start":{"line":117,"column":23},"end":{"line":180,"column":5}},"locations":[{"start":{"line":117,"column":23},"end":{"line":180,"column":5}}]},"19":{"type":"branch","line":119,"loc":{"start":{"line":119,"column":25},"end":{"line":121,"column":8}},"locations":[{"start":{"line":119,"column":25},"end":{"line":121,"column":8}}]},"20":{"type":"branch","line":119,"loc":{"start":{"line":119,"column":54},"end":{"line":121,"column":8}},"locations":[{"start":{"line":119,"column":54},"end":{"line":121,"column":8}}]},"21":{"type":"branch","line":123,"loc":{"start":{"line":123,"column":24},"end":{"line":164,"column":8}},"locations":[{"start":{"line":123,"column":24},"end":{"line":164,"column":8}}]},"22":{"type":"branch","line":123,"loc":{"start":{"line":123,"column":66},"end":{"line":164,"column":8}},"locations":[{"start":{"line":123,"column":66},"end":{"line":164,"column":8}}]},"23":{"type":"branch","line":125,"loc":{"start":{"line":125,"column":32},"end":{"line":132,"column":9}},"locations":[{"start":{"line":125,"column":32},"end":{"line":132,"column":9}}]},"24":{"type":"branch","line":133,"loc":{"start":{"line":133,"column":32},"end":{"line":140,"column":9}},"locations":[{"start":{"line":133,"column":32},"end":{"line":140,"column":9}}]},"25":{"type":"branch","line":141,"loc":{"start":{"line":141,"column":32},"end":{"line":144,"column":9}},"locations":[{"start":{"line":141,"column":32},"end":{"line":144,"column":9}}]},"26":{"type":"branch","line":147,"loc":{"start":{"line":147,"column":45},"end":{"line":150,"column":9}},"locations":[{"start":{"line":147,"column":45},"end":{"line":150,"column":9}}]},"27":{"type":"branch","line":156,"loc":{"start":{"line":156,"column":10},"end":{"line":158,"column":11}},"locations":[{"start":{"line":156,"column":10},"end":{"line":158,"column":11}}]},"28":{"type":"branch","line":160,"loc":{"start":{"line":160,"column":8},"end":{"line":163,"column":40}},"locations":[{"start":{"line":160,"column":8},"end":{"line":163,"column":40}}]},"29":{"type":"branch","line":166,"loc":{"start":{"line":166,"column":50},"end":{"line":169,"column":7}},"locations":[{"start":{"line":166,"column":50},"end":{"line":169,"column":7}}]},"30":{"type":"branch","line":183,"loc":{"start":{"line":183,"column":2},"end":{"line":216,"column":3}},"locations":[{"start":{"line":183,"column":2},"end":{"line":216,"column":3}}]},"31":{"type":"branch","line":184,"loc":{"start":{"line":184,"column":16},"end":{"line":213,"column":6}},"locations":[{"start":{"line":184,"column":16},"end":{"line":213,"column":6}}]},"32":{"type":"branch","line":190,"loc":{"start":{"line":190,"column":10},"end":{"line":190,"column":36}},"locations":[{"start":{"line":190,"column":10},"end":{"line":190,"column":36}}]},"33":{"type":"branch","line":190,"loc":{"start":{"line":190,"column":36},"end":{"line":212,"column":80}},"locations":[{"start":{"line":190,"column":36},"end":{"line":212,"column":80}}]},"34":{"type":"branch","line":201,"loc":{"start":{"line":201,"column":8},"end":{"line":209,"column":9}},"locations":[{"start":{"line":201,"column":8},"end":{"line":209,"column":9}}]},"35":{"type":"branch","line":204,"loc":{"start":{"line":204,"column":12},"end":{"line":207,"column":16}},"locations":[{"start":{"line":204,"column":12},"end":{"line":207,"column":16}}]},"36":{"type":"branch","line":218,"loc":{"start":{"line":218,"column":2},"end":{"line":235,"column":3}},"locations":[{"start":{"line":218,"column":2},"end":{"line":235,"column":3}}]},"37":{"type":"branch","line":221,"loc":{"start":{"line":221,"column":34},"end":{"line":225,"column":5}},"locations":[{"start":{"line":221,"column":34},"end":{"line":225,"column":5}}]},"38":{"type":"branch","line":225,"loc":{"start":{"line":225,"column":4},"end":{"line":234,"column":7}},"locations":[{"start":{"line":225,"column":4},"end":{"line":234,"column":7}}]},"39":{"type":"branch","line":228,"loc":{"start":{"line":228,"column":63},"end":{"line":234,"column":5}},"locations":[{"start":{"line":228,"column":63},"end":{"line":234,"column":5}}]},"40":{"type":"branch","line":237,"loc":{"start":{"line":237,"column":2},"end":{"line":257,"column":3}},"locations":[{"start":{"line":237,"column":2},"end":{"line":257,"column":3}}]},"41":{"type":"branch","line":263,"loc":{"start":{"line":263,"column":2},"end":{"line":265,"column":3}},"locations":[{"start":{"line":263,"column":2},"end":{"line":265,"column":3}}]},"42":{"type":"branch","line":270,"loc":{"start":{"line":270,"column":2},"end":{"line":283,"column":3}},"locations":[{"start":{"line":270,"column":2},"end":{"line":283,"column":3}}]},"43":{"type":"branch","line":290,"loc":{"start":{"line":290,"column":2},"end":{"line":306,"column":3}},"locations":[{"start":{"line":290,"column":2},"end":{"line":306,"column":3}}]},"44":{"type":"branch","line":291,"loc":{"start":{"line":291,"column":31},"end":{"line":291,"column":73}},"locations":[{"start":{"line":291,"column":31},"end":{"line":291,"column":73}}]},"45":{"type":"branch","line":291,"loc":{"start":{"line":291,"column":73},"end":{"line":303,"column":11}},"locations":[{"start":{"line":291,"column":73},"end":{"line":303,"column":11}}]},"46":{"type":"branch","line":303,"loc":{"start":{"line":303,"column":4},"end":{"line":305,"column":5}},"locations":[{"start":{"line":303,"column":4},"end":{"line":305,"column":5}}]},"47":{"type":"branch","line":295,"loc":{"start":{"line":295,"column":13},"end":{"line":302,"column":7}},"locations":[{"start":{"line":295,"column":13},"end":{"line":302,"column":7}}]},"48":{"type":"branch","line":308,"loc":{"start":{"line":308,"column":2},"end":{"line":311,"column":3}},"locations":[{"start":{"line":308,"column":2},"end":{"line":311,"column":3}}]},"49":{"type":"branch","line":310,"loc":{"start":{"line":310,"column":39},"end":{"line":310,"column":75}},"locations":[{"start":{"line":310,"column":39},"end":{"line":310,"column":75}}]},"50":{"type":"branch","line":312,"loc":{"start":{"line":312,"column":2},"end":{"line":322,"column":3}},"locations":[{"start":{"line":312,"column":2},"end":{"line":322,"column":3}}]},"51":{"type":"branch","line":317,"loc":{"start":{"line":317,"column":47},"end":{"line":320,"column":57}},"locations":[{"start":{"line":317,"column":47},"end":{"line":320,"column":57}}]},"52":{"type":"branch","line":319,"loc":{"start":{"line":319,"column":47},"end":{"line":320,"column":57}},"locations":[{"start":{"line":319,"column":47},"end":{"line":320,"column":57}}]},"53":{"type":"branch","line":353,"loc":{"start":{"line":353,"column":2},"end":{"line":358,"column":3}},"locations":[{"start":{"line":353,"column":2},"end":{"line":358,"column":3}}]},"54":{"type":"branch","line":363,"loc":{"start":{"line":363,"column":2},"end":{"line":378,"column":3}},"locations":[{"start":{"line":363,"column":2},"end":{"line":378,"column":3}}]},"55":{"type":"branch","line":367,"loc":{"start":{"line":367,"column":28},"end":{"line":377,"column":5}},"locations":[{"start":{"line":367,"column":28},"end":{"line":377,"column":5}}]},"56":{"type":"branch","line":380,"loc":{"start":{"line":380,"column":2},"end":{"line":388,"column":3}},"locations":[{"start":{"line":380,"column":2},"end":{"line":388,"column":3}}]},"57":{"type":"branch","line":382,"loc":{"start":{"line":382,"column":45},"end":{"line":383,"column":47}},"locations":[{"start":{"line":382,"column":45},"end":{"line":383,"column":47}}]},"58":{"type":"branch","line":383,"loc":{"start":{"line":383,"column":41},"end":{"line":384,"column":77}},"locations":[{"start":{"line":383,"column":41},"end":{"line":384,"column":77}}]},"59":{"type":"branch","line":384,"loc":{"start":{"line":384,"column":56},"end":{"line":386,"column":55}},"locations":[{"start":{"line":384,"column":56},"end":{"line":386,"column":55}}]}},"b":{"0":[4],"1":[22],"2":[15],"3":[1],"4":[14],"5":[22],"6":[1],"7":[21],"8":[1],"9":[20],"10":[1],"11":[19],"12":[1],"13":[18],"14":[22],"15":[13],"16":[0],"17":[2],"18":[13],"19":[13],"20":[13],"21":[13],"22":[13],"23":[0],"24":[0],"25":[0],"26":[0],"27":[0],"28":[0],"29":[13],"30":[1],"31":[2],"32":[1],"33":[1],"34":[1],"35":[1],"36":[3],"37":[1],"38":[2],"39":[2],"40":[1],"41":[1],"42":[1],"43":[4],"44":[1],"45":[3],"46":[1],"47":[3],"48":[1],"49":[2],"50":[1],"51":[1],"52":[0],"53":[1],"54":[2],"55":[1],"56":[2],"57":[1],"58":[1],"59":[1]},"fnMap":{"0":{"name":"<instance_members_initializer>","decl":{"start":{"line":47,"column":47},"end":{"line":49,"column":1}},"loc":{"start":{"line":47,"column":47},"end":{"line":49,"column":1}},"line":47},"1":{"name":"<instance_members_initializer>","decl":{"start":{"line":51,"column":27},"end":{"line":389,"column":1}},"loc":{"start":{"line":51,"column":27},"end":{"line":389,"column":1}},"line":51},"2":{"name":"get request","decl":{"start":{"line":56,"column":2},"end":{"line":60,"column":3}},"loc":{"start":{"line":56,"column":2},"end":{"line":60,"column":3}},"line":56},"3":{"name":"validateOptions","decl":{"start":{"line":62,"column":10},"end":{"line":78,"column":3}},"loc":{"start":{"line":62,"column":10},"end":{"line":78,"column":3}},"line":62},"4":{"name":"setOptions","decl":{"start":{"line":80,"column":10},"end":{"line":91,"column":3}},"loc":{"start":{"line":80,"column":10},"end":{"line":91,"column":3}},"line":80},"5":{"name":"RedmineServer","decl":{"start":{"line":93,"column":2},"end":{"line":96,"column":3}},"loc":{"start":{"line":93,"column":2},"end":{"line":96,"column":3}},"line":93},"6":{"name":"doRequest","decl":{"start":{"line":98,"column":2},"end":{"line":181,"column":3}},"loc":{"start":{"line":98,"column":2},"end":{"line":181,"column":3}},"line":98},"7":{"name":"handleData","decl":{"start":{"line":119,"column":25},"end":{"line":121,"column":8}},"loc":{"start":{"line":119,"column":25},"end":{"line":121,"column":8}},"line":119},"8":{"name":"handleEnd","decl":{"start":{"line":123,"column":24},"end":{"line":164,"column":8}},"loc":{"start":{"line":123,"column":24},"end":{"line":164,"column":8}},"line":123},"9":{"name":"handleError","decl":{"start":{"line":171,"column":26},"end":{"line":175,"column":8}},"loc":{"start":{"line":171,"column":26},"end":{"line":175,"column":8}},"line":171},"10":{"name":"getProjects","decl":{"start":{"line":183,"column":2},"end":{"line":216,"column":3}},"loc":{"start":{"line":183,"column":2},"end":{"line":216,"column":3}},"line":183},"11":{"name":"req","decl":{"start":{"line":184,"column":16},"end":{"line":213,"column":6}},"loc":{"start":{"line":184,"column":16},"end":{"line":213,"column":6}},"line":184},"12":{"name":"getTimeEntryActivities","decl":{"start":{"line":218,"column":2},"end":{"line":235,"column":3}},"loc":{"start":{"line":218,"column":2},"end":{"line":235,"column":3}},"line":218},"13":{"name":"addTimeEntry","decl":{"start":{"line":237,"column":2},"end":{"line":257,"column":3}},"loc":{"start":{"line":237,"column":2},"end":{"line":257,"column":3}},"line":237},"14":{"name":"getIssueById","decl":{"start":{"line":263,"column":2},"end":{"line":265,"column":3}},"loc":{"start":{"line":263,"column":2},"end":{"line":265,"column":3}},"line":263},"15":{"name":"setIssueStatus","decl":{"start":{"line":270,"column":2},"end":{"line":283,"column":3}},"loc":{"start":{"line":270,"column":2},"end":{"line":283,"column":3}},"line":270},"16":{"name":"getIssueStatuses","decl":{"start":{"line":290,"column":2},"end":{"line":306,"column":3}},"loc":{"start":{"line":290,"column":2},"end":{"line":306,"column":3}},"line":290},"17":{"name":"getIssueStatusesTyped","decl":{"start":{"line":308,"column":2},"end":{"line":311,"column":3}},"loc":{"start":{"line":308,"column":2},"end":{"line":311,"column":3}},"line":308},"18":{"name":"getMemberships","decl":{"start":{"line":312,"column":2},"end":{"line":322,"column":3}},"loc":{"start":{"line":312,"column":2},"end":{"line":322,"column":3}},"line":312},"19":{"name":"applyQuickUpdate","decl":{"start":{"line":323,"column":2},"end":{"line":348,"column":3}},"loc":{"start":{"line":323,"column":2},"end":{"line":348,"column":3}},"line":323},"20":{"name":"getIssuesAssignedToMe","decl":{"start":{"line":353,"column":2},"end":{"line":358,"column":3}},"loc":{"start":{"line":353,"column":2},"end":{"line":358,"column":3}},"line":353},"21":{"name":"getOpenIssuesForProject","decl":{"start":{"line":363,"column":2},"end":{"line":378,"column":3}},"loc":{"start":{"line":363,"column":2},"end":{"line":378,"column":3}},"line":363},"22":{"name":"compare","decl":{"start":{"line":380,"column":2},"end":{"line":388,"column":3}},"loc":{"start":{"line":380,"column":2},"end":{"line":388,"column":3}},"line":380}},"f":{"0":4,"1":22,"2":15,"3":22,"4":18,"5":22,"6":13,"7":13,"8":13,"9":0,"10":1,"11":2,"12":3,"13":1,"14":1,"15":1,"16":4,"17":1,"18":1,"19":0,"20":1,"21":2,"22":2}}
,"/home/user/positron-redmine/src/utilities/error-to-string.ts": {"path":"/home/user/positron-redmine/src/utilities/error-to-string.ts","all":false,"statementMap":{"0":{"start":{"line":1,"column":0},"end":{"line":1,"column":58}},"1":{"start":{"line":2,"column":0},"end":{"line":2,"column":15}},"2":{"start":{"line":3,"column":0},"end":{"line":3,"column":14}},"3":{"start":{"line":4,"column":0},"end":{"line":4,"column":3}},"4":{"start":{"line":5,"column":0},"end":{"line":5,"column":31}},"5":{"start":{"line":6,"column":0},"end":{"line":6,"column":25}},"6":{"start":{"line":7,"column":0},"end":{"line":7,"column":3}},"7":{"start":{"line":8,"column":0},"end":{"line":8,"column":34}},"8":{"start":{"line":9,"column":0},"end":{"line":9,"column":17}},"9":{"start":{"line":10,"column":0},"end":{"line":10,"column":3}},"10":{"start":{"line":11,"column":0},"end":{"line":11,"column":34}},"11":{"start":{"line":12,"column":0},"end":{"line":12,"column":12}},"12":{"start":{"line":13,"column":0},"end":{"line":13,"column":49}},"13":{"start":{"line":14,"column":0},"end":{"line":14,"column":63}},"15":{"start":{"line":16,"column":0},"end":{"line":16,"column":3}},"17":{"start":{"line":18,"column":0},"end":{"line":18,"column":25}},"18":{"start":{"line":19,"column":0},"end":{"line":19,"column":2}}},"s":{"0":1,"1":9,"2":3,"3":3,"4":9,"5":1,"6":1,"7":9,"8":1,"9":1,"10":9,"11":2,"12":2,"13":1,"15":2,"17":2,"18":2},"branchMap":{"0":{"type":"branch","line":1,"loc":{"start":{"line":1,"column":29},"end":{"line":19,"column":2}},"locations":[{"start":{"line":1,"column":29},"end":{"line":19,"column":2}}]},"1":{"type":"branch","line":2,"loc":{"start":{"line":2,"column":14},"end":{"line":4,"column":3}},"locations":[{"start":{"line":2,"column":14},"end":{"line":4,"column":3}}]},"2":{"type":"branch","line":4,"loc":{"start":{"line":4,"column":2},"end":{"line":5,"column":30}},"locations":[{"start":{"line":4,"column":2},"end":{"line":5,"column":30}}]},"3":{"type":"branch","line":5,"loc":{"start":{"line":5,"column":30},"end":{"line":7,"column":3}},"locations":[{"start":{"line":5,"column":30},"end":{"line":7,"column":3}}]},"4":{"type":"branch","line":7,"loc":{"start":{"line":7,"column":2},"end":{"line":8,"column":33}},"locations":[{"start":{"line":7,"column":2},"end":{"line":8,"column":33}}]},"5":{"type":"branch","line":8,"loc":{"start":{"line":8,"column":33},"end":{"line":10,"column":3}},"locations":[{"start":{"line":8,"column":33},"end":{"line":10,"column":3}}]},"6":{"type":"branch","line":10,"loc":{"start":{"line":10,"column":2},"end":{"line":11,"column":33}},"locations":[{"start":{"line":10,"column":2},"end":{"line":11,"column":33}}]},"7":{"type":"branch","line":11,"loc":{"start":{"line":11,"column":33},"end":{"line":19,"column":2}},"locations":[{"start":{"line":11,"column":33},"end":{"line":19,"column":2}}]},"8":{"type":"branch","line":13,"loc":{"start":{"line":13,"column":39},"end":{"line":14,"column":63}},"locations":[{"start":{"line":13,"column":39},"end":{"line":14,"column":63}}]},"9":{"type":"branch","line":14,"loc":{"start":{"line":14,"column":49},"end":{"line":14,"column":60}},"locations":[{"start":{"line":14,"column":49},"end":{"line":14,"column":60}}]}},"b":{"0":[9],"1":[3],"2":[6],"3":[1],"4":[5],"5":[1],"6":[4],"7":[2],"8":[1],"9":[0]},"fnMap":{"0":{"name":"errorToString","decl":{"start":{"line":1,"column":29},"end":{"line":19,"column":2}},"loc":{"start":{"line":1,"column":29},"end":{"line":19,"column":2}},"line":1}},"f":{"0":9}}
,"/home/user/positron-redmine/src/utilities/secret-manager.ts": {"path":"/home/user/positron-redmine/src/utilities/secret-manager.ts","all":false,"statementMap":{"2":{"start":{"line":3,"column":0},"end":{"line":3,"column":35}},"3":{"start":{"line":4,"column":0},"end":{"line":4,"column":58}},"5":{"start":{"line":6,"column":0},"end":{"line":6,"column":66}},"6":{"start":{"line":7,"column":0},"end":{"line":7,"column":70}},"7":{"start":{"line":8,"column":0},"end":{"line":8,"column":44}},"8":{"start":{"line":9,"column":0},"end":{"line":9,"column":3}},"10":{"start":{"line":11,"column":0},"end":{"line":11,"column":71}},"11":{"start":{"line":12,"column":0},"end":{"line":12,"column":51}},"12":{"start":{"line":13,"column":0},"end":{"line":13,"column":9}},"13":{"start":{"line":14,"column":0},"end":{"line":14,"column":49}},"14":{"start":{"line":15,"column":0},"end":{"line":15,"column":19}},"15":{"start":{"line":16,"column":0},"end":{"line":16,"column":56}},"16":{"start":{"line":17,"column":0},"end":{"line":17,"column":23}},"17":{"start":{"line":18,"column":0},"end":{"line":18,"column":5}},"18":{"start":{"line":19,"column":0},"end":{"line":19,"column":3}},"20":{"start":{"line":21,"column":0},"end":{"line":21,"column":73}},"21":{"start":{"line":22,"column":0},"end":{"line":22,"column":51}},"22":{"start":{"line":23,"column":0},"end":{"line":23,"column":50}},"23":{"start":{"line":24,"column":0},"end":{"line":24,"column":3}},"25":{"start":{"line":26,"column":0},"end":{"line":26,"column":60}},"26":{"start":{"line":27,"column":0},"end":{"line":27,"column":51}},"27":{"start":{"line":28,"column":0},"end":{"line":28,"column":43}},"28":{"start":{"line":29,"column":0},"end":{"line":29,"column":3}},"30":{"start":{"line":31,"column":0},"end":{"line":31,"column":71}},"31":{"start":{"line":32,"column":0},"end":{"line":32,"column":56}},"32":{"start":{"line":33,"column":0},"end":{"line":33,"column":45}},"33":{"start":{"line":34,"column":0},"end":{"line":34,"column":28}},"34":{"start":{"line":35,"column":0},"end":{"line":35,"column":7}},"35":{"start":{"line":36,"column":0},"end":{"line":36,"column":7}},"36":{"start":{"line":37,"column":0},"end":{"line":37,"column":3}},"37":{"start":{"line":38,"column":0},"end":{"line":38,"column":1}}},"s":{"2":1,"3":1,"5":1,"6":3,"7":3,"8":3,"10":1,"11":1,"12":1,"13":1,"14":1,"15":0,"16":0,"17":0,"18":1,"20":1,"21":2,"22":2,"23":2,"25":1,"26":0,"27":0,"28":0,"30":1,"31":0,"32":0,"33":0,"34":0,"35":0,"36":0,"37":1},"branchMap":{"0":{"type":"branch","line":4,"loc":{"start":{"line":4,"column":2},"end":{"line":4,"column":58}},"locations":[{"start":{"line":4,"column":2},"end":{"line":4,"column":58}}]},"1":{"type":"branch","line":6,"loc":{"start":{"line":6,"column":10},"end":{"line":9,"column":3}},"locations":[{"start":{"line":6,"column":10},"end":{"line":9,"column":3}}]},"2":{"type":"branch","line":11,"loc":{"start":{"line":11,"column":2},"end":{"line":19,"column":3}},"locations":[{"start":{"line":11,"column":2},"end":{"line":19,"column":3}}]},"3":{"type":"branch","line":15,"loc":{"start":{"line":15,"column":4},"end":{"line":18,"column":5}},"locations":[{"start":{"line":15,"column":4},"end":{"line":18,"column":5}}]},"4":{"type":"branch","line":21,"loc":{"start":{"line":21,"column":2},"end":{"line":24,"column":3}},"locations":[{"start":{"line":21,"column":2},"end":{"line":24,"column":3}}]}},"b":{"0":[3],"1":[3],"2":[1],"3":[0],"4":[2]},"fnMap":{"0":{"name":"RedmineSecretManager","decl":{"start":{"line":4,"column":2},"end":{"line":4,"column":58}},"loc":{"start":{"line":4,"column":2},"end":{"line":4,"column":58}},"line":4},"1":{"name":"buildKey","decl":{"start":{"line":6,"column":10},"end":{"line":9,"column":3}},"loc":{"start":{"line":6,"column":10},"end":{"line":9,"column":3}},"line":6},"2":{"name":"getApiKey","decl":{"start":{"line":11,"column":2},"end":{"line":19,"column":3}},"loc":{"start":{"line":11,"column":2},"end":{"line":19,"column":3}},"line":11},"3":{"name":"setApiKey","decl":{"start":{"line":21,"column":2},"end":{"line":24,"column":3}},"loc":{"start":{"line":21,"column":2},"end":{"line":24,"column":3}},"line":21},"4":{"name":"deleteApiKey","decl":{"start":{"line":26,"column":2},"end":{"line":29,"column":3}},"loc":{"start":{"line":26,"column":2},"end":{"line":29,"column":3}},"line":26},"5":{"name":"onSecretChanged","decl":{"start":{"line":31,"column":2},"end":{"line":37,"column":3}},"loc":{"start":{"line":31,"column":2},"end":{"line":37,"column":3}},"line":31}},"f":{"0":3,"1":3,"2":1,"3":2,"4":0,"5":0}}
}
